<?xml version="1.0" encoding="UTF-8" ?>
<testsuite errors="0" failures="0" hostname="Mike-PC" name="uk.co.sainsburys.utils.ProductCalculationsUtilsTest" skipped="0" tests="1" time="3.308" timestamp="2016-05-26T11:26:09">
  <properties>
    <property name="java.vendor" value="Oracle Corporation" />
    <property name="lib.dir" value="H:\DEV\Projects\JSON_Parser\JSON_Parser\lib" />
    <property name="sun.java.launcher" value="SUN_STANDARD" />
    <property name="eclipse.pdebuild.templates" value="/H:/DEV/eclipse-jee-mars/plugins/org.eclipse.pde.build_3.9.100.v20150521-1524/templates/" />
    <property name="sun.management.compiler" value="HotSpot 64-Bit Tiered Compilers" />
    <property name="docs.dir" value="H:\DEV\Projects\JSON_Parser\JSON_Parser\docs" />
    <property name="os.name" value="Windows 7" />
    <property name="sun.boot.class.path" value="C:\Program Files\Java\jdk1.7.0_51\jre\lib\resources.jar;C:\Program Files\Java\jdk1.7.0_51\jre\lib\rt.jar;C:\Program Files\Java\jdk1.7.0_51\jre\lib\sunrsasign.jar;C:\Program Files\Java\jdk1.7.0_51\jre\lib\jsse.jar;C:\Program Files\Java\jdk1.7.0_51\jre\lib\jce.jar;C:\Program Files\Java\jdk1.7.0_51\jre\lib\charsets.jar;C:\Program Files\Java\jdk1.7.0_51\jre\lib\jfr.jar;C:\Program Files\Java\jdk1.7.0_51\jre\classes" />
    <property name="sun.desktop" value="windows" />
    <property name="java.vm.specification.vendor" value="Oracle Corporation" />
    <property name="ant.home" value="H:\DEV\eclipse-jee-mars\plugins\org.apache.ant_1.9.4.v201504302020" />
    <property name="java.runtime.version" value="1.7.0_51-b13" />
    <property name="user.name" value="Mike" />
    <property name="build.dir" value="H:\DEV\Projects\JSON_Parser\JSON_Parser\bin" />
    <property name="user.language" value="en" />
    <property name="sun.boot.library.path" value="C:\Program Files\Java\jdk1.7.0_51\jre\bin" />
    <property name="reports.dir" value="H:\DEV\Projects\JSON_Parser\JSON_Parser\reports" />
    <property name="ant.project.default-target" value="main" />
    <property name="ant.project.name" value="JSON_Parser" />
    <property name="java.version" value="1.7.0_51" />
    <property name="user.timezone" value="" />
    <property name="sun.arch.data.model" value="64" />
    <property name="java.endorsed.dirs" value="C:\Program Files\Java\jdk1.7.0_51\jre\lib\endorsed" />
    <property name="sun.cpu.isalist" value="amd64" />
    <property name="sun.jnu.encoding" value="Cp1252" />
    <property name="file.encoding.pkg" value="sun.io" />
    <property name="file.separator" value="\" />
    <property name="java.specification.name" value="Java Platform API Specification" />
    <property name="java.class.version" value="51.0" />
    <property name="user.country" value="GB" />
    <property name="java.home" value="C:\Program Files\Java\jdk1.7.0_51\jre" />
    <property name="dist.dir" value="H:\DEV\Projects\JSON_Parser\JSON_Parser\dist" />
    <property name="java.vm.info" value="mixed mode" />
    <property name="ant.file" value="H:\DEV\Projects\JSON_Parser\JSON_Parser\build.xml" />
    <property name="os.version" value="6.1" />
    <property name="path.separator" value=";" />
    <property name="java.vm.version" value="24.51-b03" />
    <property name="user.variant" value="" />
    <property name="ant.library.dir" value="H:\DEV\eclipse-jee-mars\plugins\org.apache.ant_1.9.4.v201504302020\lib" />
    <property name="java.awt.printerjob" value="sun.awt.windows.WPrinterJob" />
    <property name="sun.io.unicode.encoding" value="UnicodeLittle" />
    <property name="awt.toolkit" value="sun.awt.windows.WToolkit" />
    <property name="user.script" value="" />
    <property name="eclipse.pdebuild.scripts" value="/H:/DEV/eclipse-jee-mars/plugins/org.eclipse.pde.build_3.9.100.v20150521-1524/scripts/" />
    <property name="user.home" value="C:\Users\Mike" />
    <property name="java.specification.vendor" value="Oracle Corporation" />
    <property name="test.dir" value="H:\DEV\Projects\JSON_Parser\JSON_Parser\tests" />
    <property name="java.library.path" value="H:\DEV\eclipse-jee-mars;C:\Windows\Sun\Java\bin;C:\Windows\system32;C:\Windows;C:/Program Files/Java/jre1.8.0_77/bin/server;C:/Program Files/Java/jre1.8.0_77/bin;C:/Program Files/Java/jre1.8.0_77/lib/amd64;C:\ProgramData\Oracle\Java\javapath;C:\Program Files (x86)\AMD APP\bin\x86_64;C:\Program Files (x86)\AMD APP\bin\x86;C:\Windows\system32;C:\Windows;C:\Windows\System32\Wbem;C:\Windows\System32\WindowsPowerShell\v1.0\;C:\Program Files\TortoiseSVN\bin;C:\Program Files (x86)\ATI Technologies\ATI.ACE\Core-Static;C:\Program Files\WIDCOMM\Bluetooth Software\;C:\Program Files\WIDCOMM\Bluetooth Software\syswow64;;C:\Program Files (x86)\NVIDIA Corporation\PhysX\Common;H:\DEV\Anaconda3;H:\DEV\Anaconda3\Scripts;C:\ProgramData\Oracle\Java\javapath;C:\Program Files (x86)\AMD APP\bin\x86_64;C:\Program Files (x86)\AMD APP\bin\x86;C:\Windows\system32;C:\Windows;C:\Windows\System32\Wbem;C:\Windows\System32\WindowsPowerShell\v1.0\;C:\Program Files\TortoiseSVN\bin;C:\Program Files (x86)\ATI Technologies\ATI.ACE\Core-Static;C:\Program Files\WIDCOMM\Bluetooth Software\;C:\Program Files\WIDCOMM\Bluetooth Software\syswow64;;C:\Program Files (x86)\NVIDIA Corporation\PhysX\Common;H:\DEV\Anaconda3;H:\DEV\Anaconda3\Scripts;C:\Program Files\Java\jdk1.7.0_51\bin;H:\DEV\Tools\apache-maven-3.2.1\bin;E:\Android02\android-sdk-windows\platform-tools;H:\DEV\libraries\apache-ant-1.9.7\bin;H:\DEV\eclipse-jee-mars;;.;H:\DEV\eclipse-jee-mars\configuration\org.eclipse.osgi\751\0\.cp" />
    <property name="java.vendor.url" value="http://java.oracle.com/" />
    <property name="java.vm.vendor" value="Oracle Corporation" />
    <property name="java.runtime.name" value="Java(TM) SE Runtime Environment" />
    <property name="sun.java.command" value="org.eclipse.ant.internal.launching.remote.InternalAntRunner -Dorg.eclipse.ant.core.ANT_PROCESS_ID=1464261957536 -Declipse.connect.port=52520 -Declipse.pdebuild.home=/H:/DEV/eclipse-jee-mars/plugins/org.eclipse.pde.build_3.9.100.v20150521-1524/./ -Declipse.pdebuild.scripts=/H:/DEV/eclipse-jee-mars/plugins/org.eclipse.pde.build_3.9.100.v20150521-1524/scripts/ -Declipse.pdebuild.templates=/H:/DEV/eclipse-jee-mars/plugins/org.eclipse.pde.build_3.9.100.v20150521-1524/templates/ -Dant.home=H:\DEV\eclipse-jee-mars\plugins\org.apache.ant_1.9.4.v201504302020 -logger org.eclipse.ant.internal.launching.remote.logger.RemoteAntBuildLogger -inputhandler org.eclipse.ant.internal.ui.antsupport.inputhandler.ProxyInputHandler -buildfile H:\DEV\Projects\JSON_Parser\JSON_Parser\build.xml" />
    <property name="java.class.path" value="H:\DEV\eclipse-jee-mars\plugins\org.apache.ant_1.9.4.v201504302020\lib\ant-antlr.jar;H:\DEV\eclipse-jee-mars\plugins\org.apache.ant_1.9.4.v201504302020\lib\ant-apache-bcel.jar;H:\DEV\eclipse-jee-mars\plugins\org.apache.ant_1.9.4.v201504302020\lib\ant-apache-bsf.jar;H:\DEV\eclipse-jee-mars\plugins\org.apache.ant_1.9.4.v201504302020\lib\ant-apache-log4j.jar;H:\DEV\eclipse-jee-mars\plugins\org.apache.ant_1.9.4.v201504302020\lib\ant-apache-oro.jar;H:\DEV\eclipse-jee-mars\plugins\org.apache.ant_1.9.4.v201504302020\lib\ant-apache-regexp.jar;H:\DEV\eclipse-jee-mars\plugins\org.apache.ant_1.9.4.v201504302020\lib\ant-apache-resolver.jar;H:\DEV\eclipse-jee-mars\plugins\org.apache.ant_1.9.4.v201504302020\lib\ant-apache-xalan2.jar;H:\DEV\eclipse-jee-mars\plugins\org.apache.ant_1.9.4.v201504302020\lib\ant-commons-logging.jar;H:\DEV\eclipse-jee-mars\plugins\org.apache.ant_1.9.4.v201504302020\lib\ant-commons-net.jar;H:\DEV\eclipse-jee-mars\plugins\org.apache.ant_1.9.4.v201504302020\lib\ant-jai.jar;H:\DEV\eclipse-jee-mars\plugins\org.apache.ant_1.9.4.v201504302020\lib\ant-javamail.jar;H:\DEV\eclipse-jee-mars\plugins\org.apache.ant_1.9.4.v201504302020\lib\ant-jdepend.jar;H:\DEV\eclipse-jee-mars\plugins\org.apache.ant_1.9.4.v201504302020\lib\ant-jmf.jar;H:\DEV\eclipse-jee-mars\plugins\org.apache.ant_1.9.4.v201504302020\lib\ant-jsch.jar;H:\DEV\eclipse-jee-mars\plugins\org.apache.ant_1.9.4.v201504302020\lib\ant-junit.jar;H:\DEV\eclipse-jee-mars\plugins\org.apache.ant_1.9.4.v201504302020\lib\ant-junit4.jar;H:\DEV\eclipse-jee-mars\plugins\org.apache.ant_1.9.4.v201504302020\lib\ant-launcher.jar;H:\DEV\eclipse-jee-mars\plugins\org.apache.ant_1.9.4.v201504302020\lib\ant-netrexx.jar;H:\DEV\eclipse-jee-mars\plugins\org.apache.ant_1.9.4.v201504302020\lib\ant-swing.jar;H:\DEV\eclipse-jee-mars\plugins\org.apache.ant_1.9.4.v201504302020\lib\ant-testutil.jar;H:\DEV\eclipse-jee-mars\plugins\org.apache.ant_1.9.4.v201504302020\lib\ant.jar;H:\DEV\eclipse-jee-mars\configuration\org.eclipse.osgi\79\0\.cp\lib\antdebug.jar;H:\DEV\eclipse-jee-mars\configuration\org.eclipse.osgi\79\0\.cp\lib\remote.jar;H:\DEV\eclipse-jee-mars\configuration\org.eclipse.osgi\80\0\.cp\lib\remoteAnt.jar;C:\Program Files\Java\jdk1.7.0_51\lib\tools.jar;H:\DEV\eclipse-jee-mars\plugins\org.eclipse.swt.win32.win32.x86_64_3.104.1.v20150825-0743.jar" />
    <property name="ant.version" value="Apache Ant(TM) version 1.9.4 compiled on April 29 2014" />
    <property name="ant.file.JSON_Parser" value="H:\DEV\Projects\JSON_Parser\JSON_Parser\build.xml" />
    <property name="java.vm.specification.name" value="Java Virtual Machine Specification" />
    <property name="java.vm.specification.version" value="1.7" />
    <property name="sun.cpu.endian" value="little" />
    <property name="sun.os.patch.level" value="Service Pack 1" />
    <property name="eclipse.pdebuild.home" value="/H:/DEV/eclipse-jee-mars/plugins/org.eclipse.pde.build_3.9.100.v20150521-1524/./" />
    <property name="java.io.tmpdir" value="C:\Users\Mike\AppData\Local\Temp\" />
    <property name="java.vendor.url.bug" value="http://bugreport.sun.com/bugreport/" />
    <property name="os.arch" value="amd64" />
    <property name="java.awt.graphicsenv" value="sun.awt.Win32GraphicsEnvironment" />
    <property name="java.ext.dirs" value="C:\Program Files\Java\jdk1.7.0_51\jre\lib\ext;C:\Windows\Sun\Java\lib\ext" />
    <property name="user.dir" value="H:\DEV\Projects\JSON_Parser\JSON_Parser" />
    <property name="build.test.dir" value="H:\DEV\Projects\JSON_Parser\JSON_Parser\bin\tests" />
    <property name="line.separator" value="&#xd;&#xa;" />
    <property name="java.vm.name" value="Java HotSpot(TM) 64-Bit Server VM" />
    <property name="basedir" value="H:\DEV\Projects\JSON_Parser\JSON_Parser" />
    <property name="ant.file.type.JSON_Parser" value="file" />
    <property name="ant.java.version" value="1.7" />
    <property name="ant.core.lib" value="H:\DEV\eclipse-jee-mars\plugins\org.apache.ant_1.9.4.v201504302020\lib\ant.jar" />
    <property name="file.encoding" value="UTF-8" />
    <property name="java.specification.version" value="1.7" />
    <property name="src.dir" value="H:\DEV\Projects\JSON_Parser\JSON_Parser\src" />
    <property name="ant.project.invoked-targets" value="main" />
  </properties>
  <testcase classname="uk.co.sainsburys.utils.ProductCalculationsUtilsTest" name="test" time="3.301" />
  <system-out><![CDATA[Parsing available Sainsbury's products URLS...
Sainsbury's available Products URLs parsed successfully...
Processing Product: Sainsbury's Apricot Ripe & Ready x5
Processing Product: Sainsbury's Avocado Ripe & Ready XL Loose 300g
Processing Product: Sainsbury's Avocado, Ripe & Ready x2
Processing Product: Sainsbury's Avocados, Ripe & Ready x4
Processing Product: Sainsbury's Conference Pears, Ripe & Ready x4 (minimum)
Processing Product: Sainsbury's Golden Kiwi x4
Processing Product: Sainsbury's Kiwi Fruit, Ripe & Ready x4
Calculating the products unit price sum...
Products unit price sum calculated...
]]></system-out>
  <system-err><![CDATA[]]></system-err>
</testsuite>
